  Pico11.cpp
..\Pico11.cpp(312): warning C4244: '=' : conversion from 'Tango::DevDouble' to 'int', possible loss of data
..\Pico11.cpp(678): warning C4244: 'argument' : conversion from 'Tango::DevDouble' to 'int', possible loss of data
..\Pico11.cpp(698): warning C4244: 'argument' : conversion from 'Tango::DevDouble' to 'int', possible loss of data
..\Pico11.cpp(718): warning C4244: 'argument' : conversion from 'Tango::DevDouble' to 'int', possible loss of data
..\Pico11.cpp(738): warning C4244: 'argument' : conversion from 'Tango::DevDouble' to 'int', possible loss of data
..\Pico11.cpp(758): warning C4244: 'argument' : conversion from 'Tango::DevDouble' to 'int', possible loss of data
..\Pico11.cpp(778): warning C4244: 'argument' : conversion from 'Tango::DevDouble' to 'int', possible loss of data
..\Pico11.cpp(798): warning C4244: '=' : conversion from 'Tango::DevDouble' to 'int', possible loss of data
..\Pico11.cpp(959): warning C4244: '=' : conversion from 'unsigned __int64' to 'Tango::DevDouble', possible loss of data
..\Pico11.cpp(1063): warning C4244: 'argument' : conversion from 'double' to 'int16_t', possible loss of data
..\Pico11.cpp(1064): warning C4244: '=' : conversion from 'double' to 'uint16_t', possible loss of data
..\Pico11.cpp(1065): warning C4244: 'argument' : conversion from 'double' to 'int16_t', possible loss of data
..\Pico11.cpp(1066): warning C4244: '=' : conversion from 'double' to 'uint16_t', possible loss of data
..\Pico11.cpp(1088): warning C4244: 'argument' : conversion from 'double' to 'int16_t', possible loss of data
..\Pico11.cpp(1089): warning C4244: '=' : conversion from 'double' to 'uint16_t', possible loss of data
..\Pico11.cpp(1090): warning C4244: 'argument' : conversion from 'double' to 'int16_t', possible loss of data
..\Pico11.cpp(1091): warning C4244: '=' : conversion from 'double' to 'uint16_t', possible loss of data
..\Pico11.cpp(1113): warning C4244: 'argument' : conversion from 'double' to 'int16_t', possible loss of data
..\Pico11.cpp(1114): warning C4244: '=' : conversion from 'double' to 'uint16_t', possible loss of data
..\Pico11.cpp(1115): warning C4244: 'argument' : conversion from 'double' to 'int16_t', possible loss of data
..\Pico11.cpp(1116): warning C4244: '=' : conversion from 'double' to 'uint16_t', possible loss of data
..\Pico11.cpp(1138): warning C4244: 'argument' : conversion from 'double' to 'int16_t', possible loss of data
..\Pico11.cpp(1139): warning C4244: '=' : conversion from 'double' to 'uint16_t', possible loss of data
..\Pico11.cpp(1140): warning C4244: 'argument' : conversion from 'double' to 'int16_t', possible loss of data
..\Pico11.cpp(1141): warning C4244: '=' : conversion from 'double' to 'uint16_t', possible loss of data
  Pico11Class.cpp
  Pico11StateMachine.cpp
  p6000.cpp
..\p6000.cpp(415): warning C4309: '=' : truncation of constant value
  Generating Code...
c:\users\johnny\desktop\pico11\p6000.cpp(1201): warning C4715: 'p6000::TriggerDirections' : not all control paths return a value
  Class_lib.vcxproj -> C:\Users\johnny\Desktop\pico11\vc12_proj\..\lib\win64\vc12\Pico11d.lib
